Arguments: 
  C:\Program Files\nodejs\node.exe C:\Program Files (x86)\Yarn\bin\yarn.js add -D nodeppt

PATH: 
  C:\Python27\;C:\Python27\Scripts;C:\ProgramData\Boxstarter;C:\ProgramData\Oracle\Java\javapath;C:\WINDOWS\system32;C:\WINDOWS;C:\WINDOWS\System32\Wbem;C:\WINDOWS\System32\WindowsPowerShell\v1.0\;C:\Program Files\PuTTY\;C:\Program Files\Git\cmd;C:\Program Files\dotnet\;C:\Program Files\Microsoft SQL Server\130\Tools\Binn\;D:\java\apache-tomcat-8.0.39\bin;C:\Program Files\TortoiseSVN\bin;D:\java\apache-activemq-5.10\bin\win64;C:\Program Files\OpenVPN\bin;C:\WINDOWS\System32\OpenSSH\;C:\Program Files\MySQL\MySQL Utilities 1.6\;C:\Program Files\Microsoft VS Code\bin;C:\Program Files (x86)\dotnet\;C:\Program Files (x86)\Yarn\bin\;C:\ProgramData\chocolatey\bin;C:\Users\luo0412\AppData\Roaming\nvm;C:\Program Files\nodejs;C:\Users\luo0412\AppData\Roaming\nvm;C:\Users\luo0412\AppData\Local\Programs\Python\Python37-32\Scripts\;C:\Users\luo0412\AppData\Local\Programs\Python\Python37-32\;C:\Users\luo0412\AppData\Local\Programs\Python\Python36-32\Scripts\;C:\Users\luo0412\AppData\Local\Programs\Python\Python36-32\;C:\Program Files\Microsoft VS Code\bin;D:\java\apache-maven-3.5.0\bin;D:\java\apache-tomcat-8.0.39\bin;C:\Users\luo0412\AppData\Local\Microsoft\WindowsApps;C:\Users\luo0412\AppData\Local\Programs\Fiddler;C:\Users\luo0412\AppData\Local\Microsoft\WindowsApps;C:\Users\luo0412\AppData\Local\Programs\Microsoft VS Code\bin;D:\java\gradle-4.9\bin;C:\Program Files\MongoDB\Server\3.4\bin;C:\Program Files\Java\jdk1.8.0_152\bin;C:\Users\luo0412\AppData\Local\Yarn\bin;C:\Users\luo0412\AppData\Roaming\npm;C:\Users\luo0412\AppData\Roaming\nvm;C:\Program Files\nodejs

Yarn version: 
  1.12.0

Node version: 
  8.11.3

Platform: 
  win32 x64

Trace: 
  Error: https://registry.yarnpkg.com/mathjax/-/mathjax-2.6.1.tgz: unexpected end of file
      at Gunzip.zlibOnError (zlib.js:153:15)

npm manifest: 
  {
    "name": "presentation",
    "version": "1.0.0",
    "description": "自己平时用的presentation",
    "scripts": {
      "install": "npm install",
      "install:cnpm": "cnpm install",
      "remove": "rimraf node_modules",
      "preview": "serve -s dist -p 9567",
  
      "dev": "cd docs && nodeppt start",
      "dev:watch": "cd docs && nodeppt start -w",
      "build:dist": "gulp build",
      "deploy": "gulp deploy"
    },
    "repository": {
      "type": "git",
      "url": "git+https://github.com/guanpengchn/presentation.git"
    },
    "author": "",
    "license": "ISC",
    "bugs": {
      "url": "https://github.com/guanpengchn/presentation/issues"
    },
    "homepage": "https://github.com/guanpengchn/presentation#readme",
    "devDependencies": {
      "del": "^3.0.0",
      "gift": "^0.10.2",
      "gulp": "^3.9.1",
      "gulp-gh-pages": "^0.5.4",
      "gulp-shell": "^0.6.5"
    }
  }

yarn manifest: 
  No manifest

Lockfile: 
  No lockfile
