Arguments: 
  C:\Program Files\nodejs\node.exe C:\Program Files (x86)\Yarn\bin\yarn.js install

PATH: 
  C:\Program Files\nodejs\node_modules\npm\node_modules\npm-lifecycle\node-gyp-bin;E:\workspace-myself\natural-cli-intro\vuepress-d2-daily-fairyever-blog\node_modules\.bin;C:\Python27\;C:\Python27\Scripts;C:\ProgramData\Boxstarter;C:\ProgramData\Oracle\Java\javapath;C:\WINDOWS\system32;C:\WINDOWS;C:\WINDOWS\System32\Wbem;C:\WINDOWS\System32\WindowsPowerShell\v1.0\;C:\Program Files\PuTTY\;C:\Program Files\Git\cmd;C:\Program Files\dotnet\;C:\Program Files\Microsoft SQL Server\130\Tools\Binn\;D:\java\apache-tomcat-8.0.39\bin;C:\Program Files\TortoiseSVN\bin;D:\java\apache-activemq-5.10\bin\win64;C:\Program Files\OpenVPN\bin;C:\WINDOWS\System32\OpenSSH\;C:\Program Files\MySQL\MySQL Utilities 1.6\;C:\Program Files\Microsoft VS Code\bin;C:\Program Files (x86)\dotnet\;C:\Program Files (x86)\Yarn\bin\;C:\ProgramData\chocolatey\bin;C:\Users\luo0412\AppData\Roaming\nvm;C:\Program Files\nodejs;C:\Users\luo0412\AppData\Roaming\nvm;;C:\WINDOWS\system32;C:\WINDOWS;C:\WINDOWS\System32\Wbem;C:\WINDOWS\System32\WindowsPowerShell\v1.0\;C:\WINDOWS\System32\OpenSSH\;C:\Program Files\nodejs\;C:\Users\luo0412\AppData\Local\Programs\Python\Python37-32\Scripts\;C:\Users\luo0412\AppData\Local\Programs\Python\Python37-32\;C:\Users\luo0412\AppData\Local\Programs\Python\Python36-32\Scripts\;C:\Users\luo0412\AppData\Local\Programs\Python\Python36-32\;C:\Program Files\Microsoft VS Code\bin;D:\java\apache-maven-3.5.0\bin;D:\java\apache-tomcat-8.0.39\bin;C:\Users\luo0412\AppData\Local\Microsoft\WindowsApps;C:\Users\luo0412\AppData\Local\Programs\Fiddler;C:\Users\luo0412\AppData\Local\Programs\Microsoft VS Code\bin;D:\java\gradle-4.9\bin;C:\Program Files\MongoDB\Server\3.4\bin;C:\Program Files\Java\jdk1.8.0_152\bin;C:\Users\luo0412\AppData\Local\Yarn\bin;C:\Users\luo0412\AppData\Roaming\nvm;C:\Program Files\nodejs;C:\Users\luo0412\AppData\Local\Microsoft\WindowsApps;C:\Users\luo0412\AppData\Roaming\npm

Yarn version: 
  1.12.0

Node version: 
  10.15.3

Platform: 
  win32 x64

Trace: 
  Error: getaddrinfo ENOTFOUND registry.npmjs.org registry.npmjs.org:443
      at GetAddrInfoReqWrap.onlookup [as oncomplete] (dns.js:56:26)

npm manifest: 
  {
    "name": "d2-daily",
    "version": "1.0.0",
    "description": "",
    "main": "index.js",
    "scripts": {
      "install:yarn": "yarn install",
      "remove": "rimraf node_modules",
      "dev": "vuepress dev ./",
      "build": "vuepress build ./"
    },
    "repository": {
      "type": "git",
      "url": "git+https://github.com/d2-projects/d2-daily"
    },
    "author": "",
    "license": "ISC",
    "bugs": {
      "url": "https://github.com/d2-projects/d2-daily/issues"
    },
    "homepage": "https://github.com/d2-projects/d2-daily#readme",
    "devDependencies": {
      "node-sass": "^4.9.4",
      "sass-loader": "^7.1.0"
    },
    "dependencies": {
      "url": "^0.11.0",
      "vuepress": "^1.0.0-alpha.30"
    }
  }

yarn manifest: 
  No manifest

Lockfile: 
  No lockfile
